<?xml version="1.0" encoding="UTF-8"?>
<!-- Generated by org.testng.reporters.JUnitReportReporter -->
<testsuite hostname="LAPTOP-RI052D80" failures="0" tests="1" name="cucumberOptions.TestRunner" time="37.397" errors="0" timestamp="2021-02-16T12:58:12 IST" skipped="0">
  <testcase classname="cucumberOptions.TestRunner" name="feature" time="37.397"/>
  <system-out/>
</testsuite> <!-- cucumberOptions.TestRunner -->
